2024-01-07 20:47:44.160 [info] (Client) Pylance async client (2023.12.1) started with python extension (2023.22.1)
2024-01-07 20:47:44.896 [info] [Info  - 8:47:44 PM] (11635) Pylance language server 2023.12.1 (pyright a78e2b10) starting
2024-01-07 20:47:44.897 [info] [Info  - 8:47:44 PM] (11635) Server root directory: /home/array/.vscode/extensions/ms-python.vscode-pylance-2023.12.1/dist
2024-01-07 20:47:44.917 [info] [Info  - 8:47:44 PM] (11635) Starting service instance "<default>"
2024-01-07 20:47:44.950 [info] [Info  - 8:47:44 PM] (11635) Setting pythonPath for service "<default>": "/bin/python"
2024-01-07 20:47:44.951 [info] [Info  - 8:47:44 PM] (11635) Setting environmentName for service "<default>": "3.11.6 (global)"
2024-01-07 20:47:44.971 [info] [Info  - 8:47:44 PM] (11635) Assuming Python version 3.11
2024-01-07 20:47:45.032 [info] [Info  - 8:47:45 PM] (11635) No source files found.
2024-01-07 20:47:45.120 [info] [Info  - 8:47:45 PM] (11635) Setting pythonPath for service "<default>": "/bin/python"
2024-01-07 20:47:45.120 [info] [Info  - 8:47:45 PM] (11635) Setting environmentName for service "<default>": "3.11.6 (global)"
2024-01-07 20:47:45.149 [info] [Info  - 8:47:45 PM] (11635) Assuming Python version 3.11
2024-01-07 20:47:45.200 [info] [Info  - 8:47:45 PM] (11635) No source files found.
2024-01-07 20:48:00.561 [info] [Error - 8:48:00 PM] Server process exited with code 0.
2024-01-07 20:48:01.067 [info] (Client) Pylance async client (2023.12.1) started with python extension (2023.22.1)
2024-01-07 20:48:01.762 [info] [Info  - 8:48:01 PM] (11677) Pylance language server 2023.12.1 (pyright a78e2b10) starting
2024-01-07 20:48:01.762 [info] [Info  - 8:48:01 PM] (11677) Server root directory: /home/array/.vscode/extensions/ms-python.vscode-pylance-2023.12.1/dist
2024-01-07 20:48:01.780 [info] [Info  - 8:48:01 PM] (11677) Starting service instance "<default>"
2024-01-07 20:48:01.821 [info] [Info  - 8:48:01 PM] (11677) Setting pythonPath for service "<default>": "/bin/python"
2024-01-07 20:48:01.821 [info] [Info  - 8:48:01 PM] (11677) Setting environmentName for service "<default>": "3.11.6 (global)"
2024-01-07 20:48:01.843 [info] [Info  - 8:48:01 PM] (11677) Assuming Python version 3.11
2024-01-07 20:48:01.901 [info] [Info  - 8:48:01 PM] (11677) No source files found.
2024-01-07 20:48:01.984 [info] [Info  - 8:48:01 PM] (11677) Setting pythonPath for service "<default>": "/bin/python"
2024-01-07 20:48:01.984 [info] [Info  - 8:48:01 PM] (11677) Setting environmentName for service "<default>": "3.11.6 (global)"
2024-01-07 20:48:02.013 [info] [Info  - 8:48:02 PM] (11677) Assuming Python version 3.11
2024-01-07 20:48:02.064 [info] [Info  - 8:48:02 PM] (11677) No source files found.
2024-01-07 20:48:49.618 [info] [Info  - 8:48:49 PM] (11677) Setting pythonPath for service "<default>": "/bin/python"
2024-01-07 20:48:49.618 [info] [Info  - 8:48:49 PM] (11677) Setting environmentName for service "<default>": "3.11.6 (global)"
2024-01-07 20:48:49.647 [info] [Info  - 8:48:49 PM] (11677) Assuming Python version 3.11
2024-01-07 20:48:49.702 [info] [Info  - 8:48:49 PM] (11677) No source files found.
2024-01-07 20:49:09.016 [info] [Info  - 8:49:09 PM] (11677) Setting pythonPath for service "<default>": "/bin/python"
2024-01-07 20:49:09.016 [info] [Info  - 8:49:09 PM] (11677) Setting environmentName for service "<default>": "3.11.6 (global)"
2024-01-07 20:49:09.048 [info] [Info  - 8:49:09 PM] (11677) Assuming Python version 3.11
2024-01-07 20:49:09.110 [info] [Info  - 8:49:09 PM] (11677) No source files found.
